0000 00.00.00           IEF923I ELIGIBLE DEVICE TABLE IOGEN    10/01/85 13.20
0000                    225044 NIP  IEA101A SPECIFY SYSTEM PARAMETERS FOR RELEASE 03.8 .VS2
0000                    225048 NIP   '
0000                    225048 NIP  IEA940I THE FOLLOWING PAGE DATA SETS ARE IN USE
0000                    225048 NIP   PLPA ... SYS1.PAGELPA
0000                    225048 NIP   COMMON . SYS1.PAGECSA
0000                    225048 NIP   DUPLEX . SYS1.DUPLEX
0000                    225048 NIP   LOCAL .. SYS1.PAGEL01
0000                    225048 NIP   LOCAL .. SYS1.PAGEL02
0000 23.50.48           IEF196I     1     //MSTRJCL  JOB MSGLEVEL=(0,0)
0000 23.50.48           S CMD1
0000 23.50.48           S BSPPILOT
0000 23.50.48           S JES2,,,PARM='WARM,NOREQ'
4000 23.50.48           IGF992I  MIH INIT COMPLETE, PRI=000300, SEC=000015
4000 23.50.48           IEE360I SMF NOW RECORDING ON SYS1.MANX ON MVSRES TIME=23.50.48
FFFF 23.50.48           RAKF is based on the ESG Security System
FFFF 23.50.48           written by Craig J. Yasuna               (Mar 1991)
FFFF 23.50.48           adapted to MVS 3.8J: A. Philip Dickinson (Aug 2005)
FFFF 23.50.48                                Phil Roberts        (Apr 2011)
FFFF 23.50.48                                Juergen Winkelmann  (Apr 2011)
8000 23.50.48           RAKF001I RAKF is now being activated
FFFF 23.50.48           RCVT WAS PROCESSED SUCCESSFULLY
4000 23.50.48           RAKF003I RAKF is now active
FFFF 23.50.48           RAKFPROF7  RAKF PROFILES UPDATED
FFFF 23.50.48           RAKFUIDS4  USER TABLE UPDATED
0000 23.50.48           IEF196I     1     //CMD1     JOB MSGLEVEL=1
0000 23.50.48           IEF196I     2     //STARTING EXEC CMD1
0000 23.50.48           IEF196I     3     XXCMD1   PROC  A=ASE0,
0000 23.50.48           IEF196I           XX             B='$',
0000 23.50.48           IEF196I           XX             C=CSK0,
0000 23.50.48           IEF196I           XX             D=DSD0,
0000 23.50.48           IEF196I           XX             E=ESS0,
0000 23.50.48           IEF196I           XX             F=FSF0,
0000 23.50.48           IEF196I           XX             G='$',
0000 23.50.48           IEF196I           XX             H=HSM0,
0000 23.50.48           IEF196I           XX             I=ISJ0,
0000 23.50.48           IEF196I           XX             J=JSL0,
0000 23.50.48           IEF196I           XX             K='$',
0000 23.50.48           IEF196I           XX             L=LSC0,
0000 23.50.48           IEF196I           XX             M=MSO0,
0000 23.50.48           IEF196I           XX             N=NSA0,
0000 23.50.48           IEF196I           XX             O=OSR0,
0000 23.50.48           IEF196I           XX             P=PSP0,
0000 23.50.48           IEF196I           XX             Q=QSQ0,
0000 23.50.48           IEF196I           XX             R=RSG0,
0000 23.50.48           IEF196I           XX             S=SSH0,
0000 23.50.48           IEF196I           XX             T=TSN0,
0000 23.50.48           IEF196I           XX             U='$',
0000 23.50.48           IEF196I           XX             V=VSI0,
0000 23.50.48           IEF196I           XX             W='$',
0000 23.50.48           IEF196I           XX             X='$',
0000 23.50.48           IEF196I           XX             Y='$',
0000 23.50.48           IEF196I           XX             Z=ZSZ0
0000 23.50.48           IEF196I     4     XXCMD1  EXEC PGM=CMDSBINT,TIME=1440,DPRTY=(15,10),
0000 23.50.48           IEF196I           XX
0000 23.50.48           IEF196I PARM='&A&B&C&D&E&F&G&H&I&J&K&L&M&N&O&P&Q&R&S&T&U&V&W&X&Y&Z'
0000 23.50.48           IEF196I  STMT NO. MESSAGE
0000 23.50.48           IEF196I -
0000 23.50.48           IEF196I     4     IEF653I SUBSTITUTION JCL -
0000 23.50.48           IEF196I PARM='ASE0$CSK0DSD0ESS0FSF0$HSM0ISJ0JSL0$LSC0MSO0NSA0OSR0PSP0QSQ
0000 23.50.48           IEF196I 0RSG0SSH0TSN0$VSI0$$$ZSZ0'
0000 23.50.48           IEF196I           ***CSC#ASYS  DD  DUMMY
0000 23.50.48           IEF196I           ***CSC#BSYS  DD  DUMMY
0000 23.50.48           IEF196I           ***CSC#CSYS  DD  DUMMY
0000 23.50.48           IEF196I           ***CSCDATA   DD  DSN=SYS1.SYSTEM.CMDSBSYS.CSCDATA,
0000 23.50.48           IEF196I DISP=SHR
0000 23.50.48           IEF196I           ***
0000 23.50.48           IEF196I           ***      WHERE  -    FOR CSC#.... REPLACE .... WITH
0000 23.50.48           IEF196I SMF SYSID OF ONE
0000 23.50.48           IEF196I           ***                  OF THE SYSTEMS USING
0000 23.50.48           IEF196I CROSS-SYSTEM COMMANDS.
0000 23.50.48           IEF196I           ***                  AS MANY CSC#.... DD CARDS AS
0000 23.50.48           IEF196I NECESSARY MAY EXIST.
0000 23.50.48           IEF196I           ***
0000 23.50.48           IEF196I IEF236I ALLOC. FOR CMD1 CMD1
0000 23.50.48           IEF196I     1     //JES2     JOB MSGLEVEL=1
0000 23.50.48           IEF196I     2     //STARTING EXEC JES2,PARM='WARM,NOREQ'
0000 23.50.48           IEF196I     3     XXJES2    PROC M=JES2PARM,
0000 23.50.48           IEF196I           XX             M2=STARTSTD,
0000 23.50.48           IEF196I           XX             N=SYS1,
0000 23.50.48           IEF196I           XX             L=LINKLIB,
0000 23.50.48           IEF196I           XX             U=3350,
0000 23.50.48           IEF196I           XX             N1=SYS1,
0000 23.50.48           IEF196I           XX             P0=SYS1,
0000 23.50.48           IEF196I           XX             P1=SYS2,
0000 23.50.48           IEF196I           XX             P2=SYS1,
0000 23.50.48           IEF196I           XX             P=JES2PARM
0000 23.50.48           IEF196I     4     XXIEFPROC EXEC PGM=HASJES20,
0000 23.50.48           IEF196I           XX             TIME=1440,
0000 23.50.48           IEF196I           XX             DPRTY=(15,15)
0000 23.50.48           IEF196I     5     XXSTEPLIB  DD  UNIT=&U,DISP=SHR,DSN=&N..&L
0000 23.50.48           IEF196I  STMT NO. MESSAGE
0000 23.50.48           IEF196I -
0000 23.50.48           IEF196I     5     IEF653I SUBSTITUTION JCL - UNIT=3350,DISP=SHR,
0000 23.50.48           IEF196I DSN=SYS1.LINKLIB
0000 23.50.48           IEF196I     6     XXPROC00   DD  DSN=&P0..PROCLIB,DISP=SHR
0000 23.50.48           IEF196I     6     IEF653I SUBSTITUTION JCL - DSN=SYS1.PROCLIB,DISP=SHR
0000 23.50.48           IEF196I     7     XX         DD  DSN=&P1..PROCLIB,DISP=SHR
0000 23.50.48           IEF196I     7     IEF653I SUBSTITUTION JCL - DSN=SYS2.PROCLIB,DISP=SHR
0000 23.50.48           IEF196I     8     XX         DD  DSN=&P2..PROCLIB,DISP=SHR
0000 23.50.48           IEF196I     8     IEF653I SUBSTITUTION JCL - DSN=SYS1.PROCLIB,DISP=SHR
0000 23.50.48           IEF196I     9     XXIEF0PDSI DD  DSN=&P0..PROCLIB,DISP=SHR
0000 23.50.48           IEF196I     9     IEF653I SUBSTITUTION JCL - DSN=SYS1.PROCLIB,DISP=SHR
0000 23.50.48           IEF196I    10     XX         DD  DSN=&P1..PROCLIB,DISP=SHR
0000 23.50.48           IEF196I    10     IEF653I SUBSTITUTION JCL - DSN=SYS2.PROCLIB,DISP=SHR
0000 23.50.48           IEF196I    11     XX         DD  DSN=&P2..PROCLIB,DISP=SHR
0000 23.50.48           IEF196I    11     IEF653I SUBSTITUTION JCL - DSN=SYS1.PROCLIB,DISP=SHR
0000 23.50.48           IEF196I    12     XXIEF1PDSI DD  DSN=&P0..PROCLIB,DISP=SHR
0000 23.50.48           IEF196I    12     IEF653I SUBSTITUTION JCL - DSN=SYS1.PROCLIB,DISP=SHR
0000 23.50.48           IEF196I    13     XX         DD  DSN=&P1..PROCLIB,DISP=SHR
0000 23.50.48           IEF196I    13     IEF653I SUBSTITUTION JCL - DSN=SYS2.PROCLIB,DISP=SHR
0000 23.50.48           IEF196I    14     XX         DD  DSN=&P2..PROCLIB,DISP=SHR
0000 23.50.48           IEF196I    14     IEF653I SUBSTITUTION JCL - DSN=SYS1.PROCLIB,DISP=SHR
0000 23.50.48           IEF196I    15     XXHASPPARM DD  DSN=&N1..&P(&M),DISP=SHR
0000 23.50.48           IEF196I    15     IEF653I SUBSTITUTION JCL -
0000 23.50.48           IEF196I DSN=SYS1.JES2PARM(JES2PARM),DISP=SHR
0000 23.50.48           IEF196I    16     XX         DD  DSN=&N1..&P(&M2),DISP=SHR
0000 23.50.48           IEF196I    16     IEF653I SUBSTITUTION JCL -
0000 23.50.48           IEF196I DSN=SYS1.JES2PARM(STARTSTD),DISP=SHR
0000 23.50.48           IEF196I    17     XXHASPLIST DD  DDNAME=IEFRDER
4000 23.50.48           IEF677I WARNING MESSAGE(S) FOR JOB JES2     ISSUED
0000 23.50.48           IEF196I    17     IEF686I DDNAME REFERRED TO ON DDNAME KEYWORD IN PRIOR
0000 23.50.48           IEF196I STEP WAS NOT RESOLVED
0000 23.50.48           IEF196I IEF236I ALLOC. FOR JES2 JES2
0000 23.50.48           IEF196I IEF237I 148  ALLOCATED TO STEPLIB
0000 23.50.48           IEF196I IEF237I 148  ALLOCATED TO PROC00
0000 23.50.48           IEF196I IEF237I 240  ALLOCATED TO
0000 23.50.48           IEF196I IEF237I 148  ALLOCATED TO
0000 23.50.48           IEF196I IEF237I 148  ALLOCATED TO IEF0PDSI
0000 23.50.48           IEF196I IEF237I 240  ALLOCATED TO
0000 23.50.48           IEF196I IEF237I 148  ALLOCATED TO
0000 23.50.48           IEF196I IEF237I 148  ALLOCATED TO IEF1PDSI
0000 23.50.48           IEF196I IEF237I 240  ALLOCATED TO
0000 23.50.48           IEF196I IEF237I 148  ALLOCATED TO
0000 23.50.48           IEF196I IEF237I 148  ALLOCATED TO HASPPARM
0000 23.50.48           IEF196I IEF237I 148  ALLOCATED TO
0000 23.50.48           IEF196I IEF237I DMY  ALLOCATED TO HASPLIST
0000 23.50.48           IEF196I IEF237I 248  ALLOCATED TO $$CKPT
FFFF 23.50.48           $HASP493 JES2  WARM-START IS IN PROGRESS
0000 23.50.48           IEF196I $HASP493 JES2  WARM-START IS IN PROGRESS
0000 23.50.48           IEF196I IEF237I 152  ALLOCATED TO $HASP00
0000 23.50.48           IEF196I IEF237I 00C  ALLOCATED TO READER1
0000 23.50.48           IEF196I IEF237I 00D  ALLOCATED TO PUNCH1
FFFF 23.50.48           $HASP412 MAXIMUM OF 1   READER(S)  EXCEEDED
0000 23.50.48           IEF196I $HASP412 MAXIMUM OF 1   READER(S)  EXCEEDED
FFFF 23.50.48           $HASP412 MAXIMUM OF 1   PUNCH(ES)  EXCEEDED
0000 23.50.48           IEF196I $HASP412 MAXIMUM OF 1   PUNCH(ES)  EXCEEDED
0000 23.50.48           IEF196I $HASP412 MAXIMUM OF 3   PRINTER(S) EXCEEDED
FFFF 23.50.48           $HASP412 MAXIMUM OF 3   PRINTER(S) EXCEEDED
4000 23.50.48           IEE041I THE SYSTEM LOG IS NOW ACTIVE
0000 23.50.48           S INIT.INIT,,,JES2
0000 23.50.48           S INIT.INIT,,,JES2
0000 23.50.48           S INIT.INIT,,,JES2
0000 23.50.48           S INIT.INIT,,,JES2
0000 23.50.48           S INIT.INIT,,,JES2
0000 23.50.48           S INIT.INIT,,,JES2
0000 23.50.48           S BSPSETPF,PARM=NOREPLYU
0004 23.50.48           $HASP000 ID 1    T=**.** I=  30 $VS,'F BSPPILOT,SCRIPT=STARTSTD'
0000 23.50.48           F BSPPILOT,SCRIPT=STARTSTD
0000 23.50.48           IEE341I BSPPILOT NOT ACTIVE
C000 23.50.48           $HASP406 STC  169 WAS EXECUTING
C000 23.50.48           $HASP406 STC  170 WAS EXECUTING
C000 23.50.48           $HASP406 STC  171 WAS EXECUTING
C000 23.50.48           $HASP406 STC  172 WAS EXECUTING
C000 23.50.48           $HASP406 STC  173 WAS EXECUTING
C000 23.50.48           $HASP406 STC  174 WAS EXECUTING
C000 23.50.48           $HASP406 STC  175 WAS EXECUTING
C000 23.50.48           $HASP406 STC  176 WAS EXECUTING
0200 23.50.48           $HASP160 PUNCH1   INACTIVE - CLASS=B
0200 23.50.48 STC  179  $HASP100 BSPPILOT ON STCINRDR
4000 23.50.48 STC  179  $HASP373 BSPPILOT STARTED
0200 23.50.48 STC  180  $HASP100 INIT     ON STCINRDR
4000 23.50.48 STC  180  $HASP373 INIT     STARTED
0200 23.50.48 STC  181  $HASP100 INIT     ON STCINRDR
4000 23.50.48 STC  181  $HASP373 INIT     STARTED
0200 23.50.48 STC  182  $HASP100 INIT     ON STCINRDR
4000 23.50.48 STC  182  $HASP373 INIT     STARTED
0200 23.50.48 STC  183  $HASP100 INIT     ON STCINRDR
4000 23.50.48 STC  183  $HASP373 INIT     STARTED
0200 23.50.48 STC  184  $HASP100 INIT     ON STCINRDR
4000 23.50.48 STC  184  $HASP373 INIT     STARTED
0200 23.50.48 STC  185  $HASP100 INIT     ON STCINRDR
4000 23.50.48 STC  185  $HASP373 INIT     STARTED
0200 23.50.48 STC  186  $HASP100 BSPSETPF ON STCINRDR
C000 23.50.48           $HASP309    INIT  1 INACTIVE ******** C=A
C000 23.50.48           $HASP309    INIT  2 INACTIVE ******** C=BA
4000 23.50.48 STC  186  $HASP373 BSPSETPF STARTED
C000 23.50.48           $HASP309    INIT  3 INACTIVE ******** C=HBA
C000 23.50.48           $HASP309    INIT  4 INACTIVE ******** C=SHB
C000 23.50.48           $HASP309    INIT  5 INACTIVE ******** C=SBA
C000 23.50.48           $HASP309    INIT  6 INACTIVE ******** C=SC
FFFF 23.50.48 STC  186  BSPSP91I - Parms passed: NOREPLYU
FFFF 23.50.48 STC  186  BSPSP93I - PFK definitions will be updated in memory
FFFF 23.50.48 STC  186  BSPSP22I - Dataset processed: SYS1.PARMLIB
FFFF 23.50.48 STC  186  BSPSP23I - on volume MVSRES
FFFF 23.50.48 STC  186  BSPSP21I - Member being processed: SETPFK01
FFFF 23.50.48 STC  186  +BSPSP98I - Member processed, LASTCC=0000
FFFF 23.50.48 STC  186  +BSPSP21I - Member being processed: SETPFK02
FFFF 23.50.48 STC  186  +BSPSP98I - Member processed, LASTCC=0000
FFFF 23.50.48 STC  186  +BSPSP99I - End of processing, MAXRC=0000
4000 23.50.48 STC  186  $HASP395 BSPSETPF ENDED
0000 23.50.52           D T
0000 23.50.52           IEE136I  TIME=23.50.52 DATE=25.145
0000 23.50.53           D T
0000 23.50.53           IEE136I  TIME=23.50.53 DATE=25.145
0000 23.51.18           F BSPPILOT,SCRIPT=STARTSTD
FFFF 23.51.18 STC  179  +BSPPILOT - Running script STARTSTD
FFFF 23.51.18 STC  179  +BSPRS22I - Dataset processed: SYS1.PARMLIB
FFFF 23.51.18 STC  179  +BSPRS23I - on volume MVSRES
FFFF 23.51.18 STC  179  +BSPRS08I - PARM NOECHO
0000 23.51.18 STC  179  $CA,ALL
0004 23.51.18           $HASP000 OK
0000 23.51.18 STC  179  V 480,ONLINE
0000 23.51.18 STC  179  MN JOBNAMES,T
0000 23.51.18 STC  179  MN SESS,T
0000 23.51.18 STC  179  S DYNAMASK
0000 23.51.18           IEE302I 480      ONLINE
0200 23.51.18 STC  187  $HASP100 DYNAMASK ON STCINRDR
4000 23.51.18 STC  187  $HASP373 DYNAMASK STARTED
4000 23.51.18 STC  187  IEF403I DYNAMASK - STARTED - TIME=23.51.18
4020 23.51.18 STC  187  DMSK00I DYNAMASK DONE ****
4020 23.51.18 STC  187  DMSK06I  START
4000 23.51.18 STC  187  $HASP395 DYNAMASK ENDED
4000 23.51.18 STC  187  IEF404I DYNAMASK - ENDED - TIME=23.51.18
0000 23.51.20 STC  179  S NET
0200 23.51.20 STC  188  $HASP100 NET      ON STCINRDR
4000 23.51.20 STC  188  $HASP373 NET      STARTED
4000 23.51.20 STC  188  IEF403I NET - STARTED - TIME=23.51.20
0000 23.51.20 STC  179  S TP
0200 23.51.20 STC  189  $HASP100 TP       ON STCINRDR
4000 23.51.20 STC  189  $HASP373 TP       STARTED
4000 23.51.20 STC  189  IEF403I TP - STARTED - TIME=23.51.20
0000 23.51.20 STC  179  S MF1.MF1
0200 23.51.20 STC  190  $HASP100 MF1      ON STCINRDR
4000 23.51.20 STC  190  $HASP373 MF1      STARTED
4000 23.51.20 STC  190  IEF403I MF1 - STARTED - TIME=23.51.20
0000 23.51.21 STC  179  $SA,ALL
0004 23.51.21           $HASP000 OK
4000 23.51.21 STC  190  IRB100I MF/1 IS ACTIVE
0000 23.51.21 STC  179  $TA,I=3600,'$SI1-I4'
0004 23.51.21           $HASP000 ID 2    T=**.** I=3600 $SI1-I4
0004 23.51.21           $HASP000 OK
0000 23.51.21 STC  179  $TOSC1,D=J
0004 23.51.21           $HASP000 OK
0000 23.51.21 STC  179  $TOSC2,D=J
0004 23.51.21           $HASP000 OK
0000 23.51.21 STC  179  $TOSC3,D=T
0004 23.51.21           $HASP000 OK
0000 23.51.21 STC  179  $TOSC4,D=T
0004 23.51.21           $HASP000 OK
0000 23.51.21 STC  179  $SRDR1
0004 23.51.21           $HASP000 OK
0000 23.51.21 STC  179  $SPRT1
4200 23.51.21           IEF236I ALLOC. FOR JES2 JES2
4200 23.51.21           IEF237I 00E  ALLOCATED TO PRINTER1
0000 23.51.21           IEF196I IEF237I 00E  ALLOCATED TO PRINTER1
0004 23.51.21           $HASP000 OK
0200 23.51.21 STC  165  $HASP150 TSO      ON PRINTER1
0000 23.51.21           $SPRT1
0200 23.51.21 STC  165 *$HASP190 TSO      SETUP -- PRINTER1 -- F = 0001 -- C = 6    -- T = QN
0004 23.51.21           $HASP000 OK
0000 23.51.21 STC  179  $SPRT2
4200 23.51.21           IEF236I ALLOC. FOR JES2 JES2
4200 23.51.21           IEF237I 00F  ALLOCATED TO PRINTER2
0000 23.51.21           IEF196I IEF237I 00F  ALLOCATED TO PRINTER2
0004 23.51.21           $HASP000 OK
0200 23.51.21 STC  165  $HASP150 TSO      ON PRINTER2        11 LINES
0000 23.51.21           $SPRT2
0200 23.51.21 STC  165 *$HASP190 TSO      SETUP -- PRINTER2 -- F = 0001 -- C = 6    -- T = QN
0004 23.51.21           $HASP000 OK
0000 23.51.21 STC  179  $SPRT3
4200 23.51.21           IEF236I ALLOC. FOR JES2 JES2
4200 23.51.21           IEF237I 002  ALLOCATED TO PRINTER3
0000 23.51.21           IEF196I IEF237I 002  ALLOCATED TO PRINTER3
0004 23.51.21           $HASP000 OK
0200 23.51.21 STC  164  $HASP150 MF1      ON PRINTER1
0200 23.51.21           $HASP160 PRINTER3 INACTIVE - CLASS=X
4000 23.51.21 STC  188  IST025I  BLDL FAILED FOR IEDIAE   IN VTAMLIB
4000 23.51.21 STC  188  IST025I  BLDL FAILED FOR IEDIAE   IN VTAMLIB
0000 23.51.21 STC  179  $SLINE1
0200 23.51.21           $HASP185 PRINTER1 TERMINATED
0000 23.51.21           IEF196I IEF237I 670  ALLOCATED TO LINE1
0004 23.51.21           $HASP000 OK
0200 23.51.21 STC  190  $HASP150 MF1      ON PRINTER1        13 LINES
0200 23.51.21 STC  166  $HASP150 SNASOL   ON PRINTER2         7 LINES
0200 23.51.21 STC  165  $HASP250 TSO      IS PURGED
4000 23.51.21 STC  188  IST025I  BLDL FAILED FOR IEDIAE   IN VTAMLIB
4000 23.51.21 STC  188  IST025I  BLDL FAILED FOR IEDIAE   IN VTAMLIB
4000 23.51.21 STC  188  IST025I  BLDL FAILED FOR IEDIAK   IN VTAMLIB
4000 23.51.21 STC  188  IST025I  BLDL FAILED FOR IEDIAK   IN VTAMLIB
0000 23.51.21 STC  179  $SLINE2
0000 23.51.21           IEF196I IEF237I 671  ALLOCATED TO LINE2
0004 23.51.21           $HASP000 OK
0200 23.51.21           $HASP160 PRINTER1 INACTIVE - CLASS=A
0000 23.51.21 STC  179  $SLINE3
0000 23.51.21           IEF196I IEF237I 672  ALLOCATED TO LINE3
0004 23.51.21           $HASP000 OK
0200 23.51.21 STC  167  $HASP150 JRP      ON PRINTER2        30 LINES
0200 23.51.21 STC  166  $HASP250 SNASOL   IS PURGED
4000 23.51.21 STC  188  IST110I  NETWORK SOLICITOR STARTED
0000 23.51.21 STC  179  $SLINE4
0000 23.51.21           IEF196I IEF237I 673  ALLOCATED TO LINE4
0004 23.51.21           $HASP000 OK
0000 23.51.21 STC  179  $SPUNCH1
0004 23.51.21           $HASP000 OK
4000 23.51.21 STC  188  IST197I  SAVED CONFIGURATION ATSO     READ FROM VTAMOBJ
4000 23.51.21 STC  188  IST093I  ATSO     ACTIVE
4000 23.51.21 STC  188  IST197I  SAVED CONFIGURATION ASNASOL  READ FROM VTAMOBJ
4000 23.51.21 STC  188  IST093I  ASNASOL  ACTIVE
0200 23.51.21 STC  153  $HASP150 BSPPILOT ON PRINTER2         9 LINES
0200 23.51.21 STC  167  $HASP250 JRP      IS PURGED
4000 23.51.21 STC  188  IST197I  SAVED CONFIGURATION AJRP     READ FROM VTAMOBJ
4000 23.51.21 STC  188  IST093I  AJRP     ACTIVE
4000 23.51.21 STC  188  IST197I  SAVED CONFIGURATION L3274    READ FROM VTAMOBJ
4000 23.51.21 STC  188  IST093I  L3274    ACTIVE
4000 23.51.21 STC  188  IST197I  SAVED CONFIGURATION L3791    READ FROM VTAMOBJ
0200 23.51.21 STC  154  $HASP150 INIT     ON PRINTER2         5 LINES
0200 23.51.21 STC  153  $HASP250 BSPPILOT IS PURGED
4000 23.51.21 STC  188  IST197I  SAVED CONFIGURATION S3705    READ FROM VTAMOBJ
4000 23.51.21 STC  188  IST093I  L3791    ACTIVE
4000 23.51.21 STC  188  IST197I  SAVED CONFIGURATION N07      READ FROM VTAMOBJ
4000 23.51.21 STC  188  IST093I  S3705    ACTIVE
0200 23.51.21 STC  155  $HASP150 INIT     ON PRINTER2         5 LINES
0200 23.51.21 STC  154  $HASP250 INIT     IS PURGED
4000 23.51.21 STC  188  IST197I  SAVED CONFIGURATION N08      READ FROM VTAMOBJ
4000 23.51.21 STC  188  IST197I  SAVED CONFIGURATION N10      READ FROM VTAMOBJ
4000 23.51.21 STC  188  IST197I  SAVED CONFIGURATION N11      READ FROM VTAMOBJ
0200 23.51.21 STC  156  $HASP150 INIT     ON PRINTER2         5 LINES
0200 23.51.21 STC  155  $HASP250 INIT     IS PURGED
4000 23.51.21 STC  188  IST197I  SAVED CONFIGURATION N12      READ FROM VTAMOBJ
4000 23.51.21 STC  188  IST197I  SAVED CONFIGURATION N13      READ FROM VTAMOBJ
4000 23.51.21 STC  188  IST197I  SAVED CONFIGURATION N14      READ FROM VTAMOBJ
0200 23.51.21 STC  157  $HASP150 INIT     ON PRINTER2         5 LINES
0200 23.51.21 STC  156  $HASP250 INIT     IS PURGED
4000 23.51.21 STC  188  IST197I  SAVED CONFIGURATION N15      READ FROM VTAMOBJ
0000 23.51.21 STC  188  S TSO
0200 23.51.21 STC  191  $HASP100 TSO      ON STCINRDR
4000 23.51.21 STC  191  $HASP373 TSO      STARTED
4000 23.51.21 STC  191  IEF403I TSO - STARTED - TIME=23.51.21
4000 23.51.21 STC  188  IST020I  VTAM INITIALIZATION COMPLETE
0200 23.51.21 STC  158  $HASP150 INIT     ON PRINTER2         5 LINES
0200 23.51.21 STC  157  $HASP250 INIT     IS PURGED
4040 23.51.21 STC  188  IEA000I 0C1,IOE,05,0200,400000000001,,,NET     ,23.51.21
4040 23.51.21 STC  188  IEA000I 0C2,IOE,05,0200,400000000001,,,NET     ,23.51.21
4040 23.51.21 STC  188  IEA000I 0C3,IOE,05,0200,400000000001,,,NET     ,23.51.21
4040 23.51.21 STC  188  IEA000I 0C4,IOE,05,0200,400000000001,,,NET     ,23.51.21
4040 23.51.21 STC  188  IEA000I 0C5,IOE,05,0200,400000000001,,,NET     ,23.51.21
4040 23.51.21 STC  188  IEA000I 0C6,IOE,05,0200,400000000001,,,NET     ,23.51.21
0200 23.51.21 STC  159  $HASP150 INIT     ON PRINTER2         5 LINES
0200 23.51.21 STC  158  $HASP250 INIT     IS PURGED
0200 23.51.21 STC  162  $HASP150 NET      ON PRINTER2         9 LINES
0200 23.51.21 STC  159  $HASP250 INIT     IS PURGED
4000 23.51.21 STC  188  IFL003I  IFLOADRN COMPLETED
4000 23.51.21 STC  188  IST270I  370X N07      NOW LOADED WITH LOADMOD N07
0200 23.51.21           $HASP185 PRINTER2 TERMINATED
8100 23.51.21 STC  191  IKT007I TCAS ACCEPTING LOGONS
8100 23.51.21 STC  191  IKT005I TCAS IS INITIALIZED
0200 23.51.21 STC  163  $HASP150 TP       ON PRINTER2        31 LINES
0200 23.51.21 STC  162  $HASP250 NET      IS PURGED
0200 23.51.21 STC  164  $HASP150 MF1      ON PRINTER2         7 LINES
0200 23.51.21 STC  163  $HASP250 TP       IS PURGED
0200 23.51.21 STC  177  $HASP150 BSPSETPF ON PRINTER2        32 LINES
0200 23.51.21 STC  164  $HASP250 MF1      IS PURGED
0200 23.51.21 STC  170  $HASP150 BSPPILOT ON PRINTER2         9 LINES
0200 23.51.21 STC  177  $HASP250 BSPSETPF IS PURGED
0200 23.51.21 STC  171  $HASP150 INIT     ON PRINTER2         5 LINES
0200 23.51.21 STC  170  $HASP250 BSPPILOT IS PURGED
0200 23.51.21 STC  171  $HASP250 INIT     IS PURGED
0200 23.51.21 STC  172  $HASP150 INIT     ON PRINTER2         5 LINES
0200 23.51.21 STC  173  $HASP150 INIT     ON PRINTER2         5 LINES
0200 23.51.21 STC  172  $HASP250 INIT     IS PURGED
0200 23.51.21 STC  173  $HASP250 INIT     IS PURGED
0200 23.51.21 STC  174  $HASP150 INIT     ON PRINTER2         5 LINES
0200 23.51.21 STC  175  $HASP150 INIT     ON PRINTER2         5 LINES
0200 23.51.21 STC  174  $HASP250 INIT     IS PURGED
0200 23.51.21 STC  176  $HASP150 INIT     ON PRINTER2         5 LINES
0200 23.51.21 STC  175  $HASP250 INIT     IS PURGED
0200 23.51.21 STC  186  $HASP150 BSPSETPF ON PRINTER2        32 LINES
0200 23.51.21 STC  176  $HASP250 INIT     IS PURGED
0200 23.51.21 STC  187  $HASP150 DYNAMASK ON PRINTER2        28 LINES
0200 23.51.21 STC  186  $HASP250 BSPSETPF IS PURGED
0200 23.51.21           $HASP160 PRINTER2 INACTIVE - CLASS=Z
0200 23.51.21 STC  187  $HASP250 DYNAMASK IS PURGED
0000 23.51.23 STC  179  F TP,TS=START
4000 23.51.23 STC  189  IKJ019I TIME SHARING IS INITIALIZED
0000 23.51.25 STC  179  S SNASOL
0200 23.51.25 STC  192  $HASP100 SNASOL   ON STCINRDR
0000 23.51.25 STC  179  S JRP
4000 23.51.25 STC  192  $HASP373 SNASOL   STARTED
4000 23.51.25 STC  192  IEF403I SNASOL - STARTED - TIME=23.51.25
0200 23.51.25 STC  193  $HASP100 JRP      ON STCINRDR
4000 23.51.25 STC  193  $HASP373 JRP      STARTED
4000 23.51.25 STC  193  IEF403I JRP - STARTED - TIME=23.51.25
0020 23.51.25 STC  192  +SNASOL - APPLICATION SNASOL   IS UP
FFFF 23.51.25 STC  193  JRPI101 INITIALIZATION COMPLETE
FFFF 23.51.25 STC  193  JRP904I - JRP WAITING FOR COMMAND.
4000 23.51.26 STC  188  IFL003I  IFLOADRN COMPLETED
4000 23.51.26 STC  188  IST270I  370X N10      NOW LOADED WITH LOADMOD N10
4000 23.51.26 STC  188  IST093I  N07      ACTIVE
4000 23.51.26 STC  188  IST093I  N07P3    ACTIVE
4000 23.51.26 STC  188  IST093I  N08      ACTIVE
0000 23.51.26 STC  191  LOGON
FFFF 23.51.26           LGN001I TSO logon in progress at VTAM terminal CUU0C0
4000 23.51.26           IEF170I 1 MSTRJCL  LGN001I TSO logon in progress at VTAM terminal CUU0C0
0200 23.51.28 TSU   24  $HASP100 IBMUSER  ON TSOINRDR
4000 23.51.28 TSU   24  $HASP373 IBMUSER  STARTED
4000 23.51.28 TSU   24  IEF125I IBMUSER - LOGGED ON - TIME=23.51.28
4000 23.51.31 STC  188  IFL003I  IFLOADRN COMPLETED
4000 23.51.31 STC  188  IST270I  370X N12      NOW LOADED WITH LOADMOD N12
4000 23.51.31 STC  188  IST093I  N10      ACTIVE
4000 23.51.31 STC  188  IST093I  N10P3    ACTIVE
4000 23.51.31 STC  188  IST093I  N11      ACTIVE
4000 23.51.36 STC  188  IFL003I  IFLOADRN COMPLETED
4000 23.51.36 STC  188  IST270I  370X N14      NOW LOADED WITH LOADMOD N14
4000 23.51.36 STC  188  IST093I  N12      ACTIVE
4000 23.51.36 STC  188  IST093I  N12P3    ACTIVE
4000 23.51.36 STC  188  IST093I  N13      ACTIVE
4000 23.51.41 STC  188  IST093I  N14      ACTIVE
4000 23.51.41 STC  188  IST093I  N14P3    ACTIVE
4000 23.51.41 STC  188  IST093I  N15      ACTIVE
0000 23.51.45 STC  179  V NET,ACT,ID=T3767S11,LOGON=SNASOL,LOGMODE=INTERACT
4000 23.51.45 STC  188  IST097I  VARY     ACCEPTED
4000 23.51.45 STC  188  IST093I  T3767S11 ACTIVE
0000 23.51.45 STC  179  V NET,ACT,ID=T3767S21,LOGON=SNASOL,LOGMODE=INTERACT
4000 23.51.45 STC  188  IST097I  VARY     ACCEPTED
4000 23.51.45 STC  188  IST093I  T3767S21 ACTIVE
0000 23.51.45 STC  179  V NET,ACT,ID=T3767S31,LOGON=SNASOL,LOGMODE=INTERACT
4000 23.51.45 STC  188  IST097I  VARY     ACCEPTED
4000 23.51.45 STC  188  IST093I  T3767S31 ACTIVE
0000 23.51.45 STC  179  V NET,ACT,ID=T3767S41,LOGON=SNASOL,LOGMODE=INTERACT
4000 23.51.45 STC  188  IST097I  VARY     ACCEPTED
4000 23.51.45 STC  188  IST093I  T3767S41 ACTIVE
0000 23.51.45 STC  179  V NET,ACT,ID=T3278S11,LOGON=SNASOL,LOGMODE=MHP3278E
4000 23.51.45 STC  188  IST097I  VARY     ACCEPTED
4000 23.51.45 STC  188  IST093I  T3278S11 ACTIVE
0000 23.51.45 STC  179  V NET,ACT,ID=T3278S21,LOGON=SNASOL,LOGMODE=MHP3278E
4000 23.51.45 STC  188  IST097I  VARY     ACCEPTED
4000 23.51.45 STC  188  IST093I  T3278S21 ACTIVE
0000 23.51.45 STC  179  V NET,ACT,ID=T3278S31,LOGON=SNASOL,LOGMODE=MHP3278E
4000 23.51.45 STC  188  IST097I  VARY     ACCEPTED
4000 23.51.45 STC  188  IST093I  T3278S31 ACTIVE
0000 23.51.45 STC  179  V NET,ACT,ID=T3278S41,LOGON=SNASOL,LOGMODE=MHP3278E
4000 23.51.45 STC  188  IST097I  VARY     ACCEPTED
4000 23.51.45 STC  188  IST093I  T3278S41 ACTIVE
0000 23.51.45 STC  179  V NET,ACT,ID=T3278L11,LOGON=SNASOL,LOGMODE=MHP3278E
4000 23.51.45 STC  188  IST097I  VARY     ACCEPTED
0000 23.51.45 STC  179  V NET,ACT,ID=T3278L21,LOGON=SNASOL,LOGMODE=MHP3278E
4000 23.51.45 STC  188  IST097I  VARY     ACCEPTED
4000 23.51.45 STC  188  IST093I  T3278L11 ACTIVE
4000 23.51.45 STC  188  IST093I  T3278L21 ACTIVE
0000 23.51.45 STC  179  V NET,ACT,ID=T3767L31,LOGON=SNASOL,LOGMODE=INTERACT
4000 23.51.45 STC  188  IST097I  VARY     ACCEPTED
0000 23.51.45 STC  179  V NET,ACT,ID=T3767L41,LOGON=SNASOL,LOGMODE=INTERACT
4000 23.51.45 STC  188  IST097I  VARY     ACCEPTED
4000 23.51.45 STC  188  IST093I  T3767L31 ACTIVE
4000 23.51.45 STC  188  IST093I  T3767L41 ACTIVE
0000 23.51.50 STC  179  F TP,LOAD=T07,T07
4020 23.51.50 STC  189  IED160I 3705 T07      LOAD=T07
0000 23.51.53 STC  179  F TP,LOAD=T10,T10
4020 23.51.53 STC  189  IED160I 3705 T10      LOAD=T10
0000 23.51.56 STC  179  F TP,LOAD=T12,T12
4020 23.51.56 STC  189  IED160I 3705 T12      LOAD=T12
0000 23.51.59 STC  179  F TP,LOAD=T14,T14
4020 23.51.59 STC  189  IED160I 3705 T14      LOAD=T14
0004 23.52.00 TSU   24  IEFACTRT - Stepname  Procstep  Program   Retcode
4000 23.52.00 TSU   24  $HASP395 IBMUSER  ENDED
4000 23.52.00 TSU   24  IEF126I IBMUSER - LOGGED OFF - TIME=23.52.00
0200 23.52.00 TSU   24  $HASP150 IBMUSER  ON PRINTER2        28 LINES
0200 23.52.00           $HASP160 PRINTER2 INACTIVE - CLASS=Z
0200 23.52.00 TSU   24  $HASP250 IBMUSER  IS PURGED
0000 23.52.02 STC  179  F TP,ACTIV=T07
4020 23.52.03 STC  189  IED382I T07      ACTIVATE COMPLETE
0000 23.52.05 STC  179  F TP,ACTIV=T10
4020 23.52.06 STC  189  IED382I T10      ACTIVATE COMPLETE
0000 23.52.08 STC  179  F TP,ACTIV=T12
4020 23.52.09 STC  189  IED382I T12      ACTIVATE COMPLETE
0000 23.52.11 STC  179  F TP,ACTIV=T14
4020 23.52.12 STC  189  IED382I T14      ACTIVATE COMPLETE
0000 23.52.13 STC  179  S INISDSTD
0200 23.52.13 STC  194  $HASP100 INISDSTD ON STCINRDR
4000 23.52.13 STC  194  $HASP373 INISDSTD STARTED
4000 23.52.13 STC  194  IEF403I INISDSTD - STARTED - TIME=23.52.13
0000 23.52.13 STC  179  SE 'MVS038J MVS 3.8j TK4- system initialization complete',BRDCST
0000 23.52.13           MVS038J MVS 3.8j TK4- system initialization complete CN=00
FFFF 23.52.13 STC  179  +BSPRS99I - End of processing, MAXRC=0000
4000 23.52.13 STC  194  $HASP395 INISDSTD ENDED
4000 23.52.13 STC  194  IEF404I INISDSTD - ENDED - TIME=23.52.13
0200 23.52.13 STC  194  $HASP150 INISDSTD ON PRINTER2        21 LINES
0200 23.52.13           $HASP160 PRINTER2 INACTIVE - CLASS=Z
0200 23.52.13 STC  194  $HASP250 INISDSTD IS PURGED
